<?xml version="1.0" encoding="UTF-8"?>
<testsuite xmlns:xsi="http://www.w3.org/2001/XMLSchema-instance" xsi:noNamespaceSchemaLocation="https://maven.apache.org/surefire/maven-surefire-plugin/xsd/surefire-test-report.xsd" name="org.example.AppTest" time="0.082" tests="1" errors="0" skipped="0" failures="0">
  <properties>
    <property name="sun.desktop" value="windows"/>
    <property name="awt.toolkit" value="sun.awt.windows.WToolkit"/>
    <property name="java.specification.version" value="9"/>
    <property name="file.encoding.pkg" value="sun.io"/>
    <property name="sun.cpu.isalist" value="amd64"/>
    <property name="sun.jnu.encoding" value="GBK"/>
    <property name="java.class.path" value="D:\project\Java_IDEA\StudentGS\target\test-classes;D:\project\Java_IDEA\StudentGS\target\classes;C:\Users\王林清\.m2\repository\junit\junit\4.11\junit-4.11.jar;C:\Users\王林清\.m2\repository\org\hamcrest\hamcrest-core\1.3\hamcrest-core-1.3.jar;C:\Users\王林清\.m2\repository\mysql\mysql-connector-java\8.0.11\mysql-connector-java-8.0.11.jar;C:\Users\王林清\.m2\repository\com\google\protobuf\protobuf-java\2.6.0\protobuf-java-2.6.0.jar;"/>
    <property name="java.vm.vendor" value="Oracle Corporation"/>
    <property name="sun.arch.data.model" value="64"/>
    <property name="user.variant" value=""/>
    <property name="java.vendor.url" value="http://java.oracle.com/"/>
    <property name="user.timezone" value="Asia/Shanghai"/>
    <property name="java.vm.specification.version" value="9"/>
    <property name="os.name" value="Windows 10"/>
    <property name="sun.java.launcher" value="SUN_STANDARD"/>
    <property name="user.country" value="CN"/>
    <property name="sun.boot.library.path" value="D:\DevTools\Java\jdk9\bin"/>
    <property name="sun.java.command" value="C:\Users\王林清\AppData\Local\Temp\surefire4251405368663754518\surefirebooter13442851669576712883.jar C:\Users\王林清\AppData\Local\Temp\surefire4251405368663754518 2021-03-02T23-29-18_861-jvmRun1 surefire1407720622863200745tmp surefire_010509324543453789520tmp"/>
    <property name="jdk.debug" value="release"/>
    <property name="surefire.test.class.path" value="D:\project\Java_IDEA\StudentGS\target\test-classes;D:\project\Java_IDEA\StudentGS\target\classes;C:\Users\王林清\.m2\repository\junit\junit\4.11\junit-4.11.jar;C:\Users\王林清\.m2\repository\org\hamcrest\hamcrest-core\1.3\hamcrest-core-1.3.jar;C:\Users\王林清\.m2\repository\mysql\mysql-connector-java\8.0.11\mysql-connector-java-8.0.11.jar;C:\Users\王林清\.m2\repository\com\google\protobuf\protobuf-java\2.6.0\protobuf-java-2.6.0.jar;"/>
    <property name="sun.cpu.endian" value="little"/>
    <property name="user.home" value="C:\Users\王林清"/>
    <property name="user.language" value="zh"/>
    <property name="java.specification.vendor" value="Oracle Corporation"/>
    <property name="java.home" value="D:\DevTools\Java\jdk9"/>
    <property name="file.separator" value="\"/>
    <property name="basedir" value="D:\project\Java_IDEA\StudentGS"/>
    <property name="java.vm.compressedOopsMode" value="Zero based"/>
    <property name="line.separator" value="&#10;"/>
    <property name="java.vm.specification.vendor" value="Oracle Corporation"/>
    <property name="java.specification.name" value="Java Platform API Specification"/>
    <property name="java.awt.graphicsenv" value="sun.awt.Win32GraphicsEnvironment"/>
    <property name="surefire.real.class.path" value="C:\Users\王林清\AppData\Local\Temp\surefire4251405368663754518\surefirebooter13442851669576712883.jar"/>
    <property name="user.script" value=""/>
    <property name="sun.management.compiler" value="HotSpot 64-Bit Tiered Compilers"/>
    <property name="java.runtime.version" value="9.0.4+11"/>
    <property name="user.name" value="王林清"/>
    <property name="path.separator" value=";"/>
    <property name="os.version" value="10.0"/>
    <property name="java.runtime.name" value="Java(TM) SE Runtime Environment"/>
    <property name="file.encoding" value="GBK"/>
    <property name="java.vm.name" value="Java HotSpot(TM) 64-Bit Server VM"/>
    <property name="localRepository" value="C:\Users\王林清\.m2\repository"/>
    <property name="java.vendor.url.bug" value="http://bugreport.java.com/bugreport/"/>
    <property name="java.io.tmpdir" value="C:\Users\王林清\AppData\Local\Temp\"/>
    <property name="idea.version" value="2020.2.2"/>
    <property name="java.version" value="9.0.4"/>
    <property name="user.dir" value="D:\project\Java_IDEA\StudentGS"/>
    <property name="os.arch" value="amd64"/>
    <property name="java.vm.specification.name" value="Java Virtual Machine Specification"/>
    <property name="java.awt.printerjob" value="sun.awt.windows.WPrinterJob"/>
    <property name="sun.os.patch.level" value=""/>
    <property name="java.library.path" value="D:\DevTools\Java\jdk9\bin;C:\WINDOWS\Sun\Java\bin;C:\WINDOWS\system32;C:\WINDOWS;C:\Program Files (x86)\Common Files\NetSarang;D:\DevTools\Java\jdk9\bin;C:\ProgramData\Oracle\Java\javapath;C:\Program Files (x86)\Intel\iCLS Client\;C:\Program Files\Intel\iCLS Client\;C:\Windows\system32;C:\Windows;C:\Windows\System32\Wbem;C:\Windows\System32\WindowsPowerShell\v1.0\;C:\Program Files (x86)\Intel\Intel(R) Management Engine Components\DAL;C:\Program Files\Intel\Intel(R) Management Engine Components\DAL;C:\Program Files (x86)\Intel\Intel(R) Management Engine Components\IPT;C:\Program Files\Intel\Intel(R) Management Engine Components\IPT;C:\Program Files (x86)\NVIDIA Corporation\PhysX\Common;C:\WINDOWS\system32;C:\WINDOWS;C:\WINDOWS\System32\Wbem;C:\WINDOWS\System32\WindowsPowerShell\v1.0\;C:\WINDOWS\System32\OpenSSH\;C:\Program Files\Intel\WiFi\bin\;C:\Program Files\Common Files\Intel\WirelessCommon\;c:\Program Files (x86)\Microsoft SQL Server\100\Tools\Binn\;c:\Program Files\Microsoft SQL Server\100\Tools\Binn\;c:\Program Files\Microsoft SQL Server\100\DTS\Binn\;D:\Program Files (x86)\MATLAB R2019a\runtime\win64;D:\Program Files (x86)\MATLAB R2019a\bin;D:\Program Files (x86)\MATLAB R2019a\polyspace\bin;&quot;D:\DevTools\Python\Anaconda3;D:\DevTools\Python\Anaconda3\Scripts;D:\DevTools\Python\Anaconda3\Library\bin&quot;;D:\Program Files (x86)\mysql-5.7.32-winx64\bin;D:\DevTools\Git\cmd;C:\Program Files\dotnet\;C:\Program Files (x86)\cmder;D:\DevTools\apache-maven-3.6.3\bin;D:\DevTools\Python\Python38\Scripts\;D:\DevTools\Python\Python38\;C:\Users\王林清\AppData\Local\Microsoft\WindowsApps;C:\Program Files\Bandizip\;D:\DevTools\Java\jdk9\bin;D:\DevTools\IDEA\IntelliJ IDEA 2020.2.2\bin;;D:\DevTools\Python\PyCharm Community Edition 2020.1.3\bin;;D:\DevTools\Python\PyCharm 2020.1.3\bin;;%Anaconda%;D:\DevTools\Python\Anaconda3;D:\DevTools\Python\Anaconda3\Scripts;D:\DevTools\Python\Anaconda3\Library\bin;;D:\DevTools\Microsoft VS Code\bin;C:\Users\王林清\.dotnet\tools;."/>
    <property name="java.vm.info" value="mixed mode"/>
    <property name="java.vendor" value="Oracle Corporation"/>
    <property name="java.vm.version" value="9.0.4+11"/>
    <property name="sun.io.unicode.encoding" value="UnicodeLittle"/>
    <property name="java.class.version" value="53.0"/>
  </properties>
  <testcase name="shouldAnswerWithTrue" classname="org.example.AppTest" time="0.009"/>
</testsuite>